<?xml version="1.0" encoding="utf-8"?>
<TestRun id="151b0117-63c0-4d3e-959a-36f0a767e1fa" name="@arch-linux 2025-07-10 17:26:32" xmlns="http://microsoft.com/schemas/VisualStudio/TeamTest/2010">
  <Times creation="2025-07-10T17:26:32.0671931+01:00" queuing="2025-07-10T17:26:32.0671931+01:00" start="2025-07-10T17:26:31.7302777+01:00" finish="2025-07-10T17:26:32.0760328+01:00" />
  <TestSettings name="default" id="ba2d7fc3-5931-4224-a195-58e82c6b932e">
    <Deployment runDeploymentRoot="_arch-linux_2025-07-10_17_26_32" />
  </TestSettings>
  <Results>
    <UnitTestResult executionId="3a946229-3d56-4e05-92f7-c9892bb3c86d" testId="a113a0cc-534e-23cf-b4c1-ec35c46131ed" testName="TestCaseTest(2,1)" computerName="arch-linux" duration="00:00:00.0034600" startTime="2025-07-10T17:26:31.9928746+01:00" endTime="2025-07-10T17:26:31.9963348+01:00" testType="13cdc9d9-ddb5-4fa4-a97d-d965ccfc6d4b" outcome="Failed" testListId="8c84fa94-04c1-424b-9868-57a2d4851a1d" relativeResultsDirectory="3a946229-3d56-4e05-92f7-c9892bb3c86d">
      <Output>
        <ErrorInfo>
          <Message>  Assert.That(expected, Is.EqualTo(input))
  Expected: 2
  But was:  1
</Message>
          <StackTrace>   at NUnitSamples.TestCaseTests.TestCaseTest(Int32 input, Int32 expected) in /home/nick/dev/nvim/neotest-dotnet/tests/nunit/specs/TestCase/TestCase.cs:line 17
   at InvokeStub_TestCaseTests.TestCaseTest(Object, Span`1)

1)    at NUnitSamples.TestCaseTests.TestCaseTest(Int32 input, Int32 expected) in /home/nick/dev/nvim/neotest-dotnet/tests/nunit/specs/TestCase/TestCase.cs:line 17
   at InvokeStub_TestCaseTests.TestCaseTest(Object, Span`1)

</StackTrace>
        </ErrorInfo>
      </Output>
    </UnitTestResult>
    <UnitTestResult executionId="f91c17a1-a3ec-403d-8dfa-9ceb02245764" testId="33299a50-b5f1-ee4b-77aa-fa719251da5e" testName="Test" computerName="arch-linux" duration="00:00:00.0112230" startTime="2025-07-10T17:26:31.9804200+01:00" endTime="2025-07-10T17:26:31.9916211+01:00" testType="13cdc9d9-ddb5-4fa4-a97d-d965ccfc6d4b" outcome="Passed" testListId="8c84fa94-04c1-424b-9868-57a2d4851a1d" relativeResultsDirectory="f91c17a1-a3ec-403d-8dfa-9ceb02245764" />
    <UnitTestResult executionId="f703cc9c-3439-44f2-9dbf-04dc2b2c2f8f" testId="ad580d96-e35a-c39c-7184-84d9e896ea29" testName="TestCaseTest(1,1)" computerName="arch-linux" duration="00:00:00.0007500" startTime="2025-07-10T17:26:31.9921130+01:00" endTime="2025-07-10T17:26:31.9928625+01:00" testType="13cdc9d9-ddb5-4fa4-a97d-d965ccfc6d4b" outcome="Passed" testListId="8c84fa94-04c1-424b-9868-57a2d4851a1d" relativeResultsDirectory="f703cc9c-3439-44f2-9dbf-04dc2b2c2f8f" />
  </Results>
  <TestDefinitions>
    <UnitTest name="Test" storage="/home/nick/dev/nvim/neotest-dotnet/tests/nunit/specs/testcase/bin/debug/net9.0/tests.dll" id="33299a50-b5f1-ee4b-77aa-fa719251da5e">
      <Execution id="f91c17a1-a3ec-403d-8dfa-9ceb02245764" />
      <TestMethod codeBase="/home/nick/dev/nvim/neotest-dotnet/tests/nunit/specs/TestCase/bin/Debug/net9.0/tests.dll" adapterTypeName="executor://nunit3testexecutor/" className="NUnitSamples.TestCaseTests" name="Test" />
    </UnitTest>
    <UnitTest name="TestCaseTest(2,1)" storage="/home/nick/dev/nvim/neotest-dotnet/tests/nunit/specs/testcase/bin/debug/net9.0/tests.dll" id="a113a0cc-534e-23cf-b4c1-ec35c46131ed">
      <Execution id="3a946229-3d56-4e05-92f7-c9892bb3c86d" />
      <TestMethod codeBase="/home/nick/dev/nvim/neotest-dotnet/tests/nunit/specs/TestCase/bin/Debug/net9.0/tests.dll" adapterTypeName="executor://nunit3testexecutor/" className="NUnitSamples.TestCaseTests" name="TestCaseTest(2,1)" />
    </UnitTest>
    <UnitTest name="TestCaseTest(1,1)" storage="/home/nick/dev/nvim/neotest-dotnet/tests/nunit/specs/testcase/bin/debug/net9.0/tests.dll" id="ad580d96-e35a-c39c-7184-84d9e896ea29">
      <Execution id="f703cc9c-3439-44f2-9dbf-04dc2b2c2f8f" />
      <TestMethod codeBase="/home/nick/dev/nvim/neotest-dotnet/tests/nunit/specs/TestCase/bin/Debug/net9.0/tests.dll" adapterTypeName="executor://nunit3testexecutor/" className="NUnitSamples.TestCaseTests" name="TestCaseTest(1,1)" />
    </UnitTest>
  </TestDefinitions>
  <TestEntries>
    <TestEntry testId="a113a0cc-534e-23cf-b4c1-ec35c46131ed" executionId="3a946229-3d56-4e05-92f7-c9892bb3c86d" testListId="8c84fa94-04c1-424b-9868-57a2d4851a1d" />
    <TestEntry testId="33299a50-b5f1-ee4b-77aa-fa719251da5e" executionId="f91c17a1-a3ec-403d-8dfa-9ceb02245764" testListId="8c84fa94-04c1-424b-9868-57a2d4851a1d" />
    <TestEntry testId="ad580d96-e35a-c39c-7184-84d9e896ea29" executionId="f703cc9c-3439-44f2-9dbf-04dc2b2c2f8f" testListId="8c84fa94-04c1-424b-9868-57a2d4851a1d" />
  </TestEntries>
  <TestLists>
    <TestList name="Results Not in a List" id="8c84fa94-04c1-424b-9868-57a2d4851a1d" />
    <TestList name="All Loaded Results" id="19431567-8539-422a-85d7-44ee4e166bda" />
  </TestLists>
  <ResultSummary outcome="Failed">
    <Counters total="3" executed="3" passed="2" failed="1" error="0" timeout="0" aborted="0" inconclusive="0" passedButRunAborted="0" notRunnable="0" notExecuted="0" disconnected="0" warning="0" completed="0" inProgress="0" pending="0" />
    <Output>
      <StdOut>NUnit Adapter 5.0.0.0: Test execution started
Running all tests in /home/nick/dev/nvim/neotest-dotnet/tests/nunit/specs/TestCase/bin/Debug/net9.0/tests.dll
   NUnit3TestExecutor discovered 3 of 3 NUnit test cases using Current Discovery mode, Non-Explicit run
NUnit Adapter 5.0.0.0: Test execution complete
</StdOut>
    </Output>
  </ResultSummary>
</TestRun>